[debug] [2025-11-12T02:25:36.432Z] ----------------------------------------------------------------------
[debug] [2025-11-12T02:25:36.433Z] Command:       C:\nvm4w\nodejs\node.exe C:\nvm4w\nodejs\node_modules\firebase-tools\lib\bin\firebase.js deploy
[debug] [2025-11-12T02:25:36.434Z] CLI Version:   14.23.0
[debug] [2025-11-12T02:25:36.434Z] Platform:      win32
[debug] [2025-11-12T02:25:36.434Z] Node Version:  v20.19.3
[debug] [2025-11-12T02:25:36.434Z] Time:          Wed Nov 12 2025 11:25:36 GMT+0900 (日本標準時)
[debug] [2025-11-12T02:25:36.434Z] ----------------------------------------------------------------------
[debug] 
[debug] [2025-11-12T02:25:36.537Z] > command requires scopes: ["email","openid","https://www.googleapis.com/auth/cloudplatformprojects.readonly","https://www.googleapis.com/auth/firebase","https://www.googleapis.com/auth/cloud-platform"]
[debug] [2025-11-12T02:25:36.537Z] > authorizing via signed-in user (yokouchi.cias@gmail.com)
[debug] [2025-11-12T02:25:36.537Z] [iam] checking project oripa-do-d788a for permissions ["datastore.indexes.create","datastore.indexes.delete","datastore.indexes.list","datastore.indexes.update","firebase.projects.get","firebasehosting.sites.update","firebaserules.releases.create","firebaserules.releases.update","firebaserules.rulesets.create",null]
[debug] [2025-11-12T02:25:36.538Z] Checked if tokens are valid: false, expires at: 1762848497889
[debug] [2025-11-12T02:25:36.538Z] Checked if tokens are valid: false, expires at: 1762848497889
[debug] [2025-11-12T02:25:36.538Z] > refreshing access token with scopes: []
[debug] [2025-11-12T02:25:36.539Z] >>> [apiv2][query] POST https://www.googleapis.com/oauth2/v3/token [none]
[debug] [2025-11-12T02:25:36.539Z] >>> [apiv2][body] POST https://www.googleapis.com/oauth2/v3/token [omitted]
[debug] [2025-11-12T02:25:36.681Z] <<< [apiv2][status] POST https://www.googleapis.com/oauth2/v3/token 200
[debug] [2025-11-12T02:25:36.681Z] <<< [apiv2][body] POST https://www.googleapis.com/oauth2/v3/token [omitted]
[debug] [2025-11-12T02:25:36.698Z] >>> [apiv2][query] POST https://cloudresourcemanager.googleapis.com/v1/projects/oripa-do-d788a:testIamPermissions [none]
[debug] [2025-11-12T02:25:36.698Z] >>> [apiv2][(partial)header] POST https://cloudresourcemanager.googleapis.com/v1/projects/oripa-do-d788a:testIamPermissions x-goog-quota-user=projects/oripa-do-d788a
[debug] [2025-11-12T02:25:36.698Z] >>> [apiv2][body] POST https://cloudresourcemanager.googleapis.com/v1/projects/oripa-do-d788a:testIamPermissions {"permissions":["datastore.indexes.create","datastore.indexes.delete","datastore.indexes.list","datastore.indexes.update","firebase.projects.get","firebasehosting.sites.update","firebaserules.releases.create","firebaserules.releases.update","firebaserules.rulesets.create",null]}
[debug] [2025-11-12T02:25:37.360Z] <<< [apiv2][status] POST https://cloudresourcemanager.googleapis.com/v1/projects/oripa-do-d788a:testIamPermissions 200
[debug] [2025-11-12T02:25:37.360Z] <<< [apiv2][body] POST https://cloudresourcemanager.googleapis.com/v1/projects/oripa-do-d788a:testIamPermissions {"permissions":["datastore.indexes.create","datastore.indexes.delete","datastore.indexes.list","datastore.indexes.update","firebase.projects.get","firebasehosting.sites.update","firebaserules.releases.create","firebaserules.releases.update","firebaserules.rulesets.create"]}
[debug] [2025-11-12T02:25:37.360Z] [iam] error while checking permissions, command may fail: Authorization failed. This account is missing the following required permissions on project oripa-do-d788a:

  
[debug] [2025-11-12T02:25:37.360Z] Checked if tokens are valid: true, expires at: 1762917935682
[debug] [2025-11-12T02:25:37.360Z] Checked if tokens are valid: true, expires at: 1762917935682
[debug] [2025-11-12T02:25:37.360Z] >>> [apiv2][query] GET https://firebase.googleapis.com/v1beta1/projects/oripa-do-d788a [none]
[debug] [2025-11-12T02:25:37.687Z] <<< [apiv2][status] GET https://firebase.googleapis.com/v1beta1/projects/oripa-do-d788a 200
[debug] [2025-11-12T02:25:37.687Z] <<< [apiv2][body] GET https://firebase.googleapis.com/v1beta1/projects/oripa-do-d788a {"projectId":"oripa-do-d788a","projectNumber":"498465362202","displayName":"oripa-do","name":"projects/oripa-do-d788a","resources":{"hostingSite":"oripa-do-d788a"},"state":"ACTIVE","etag":"1_11e3b6ec-18eb-4389-b04e-43410ff8323f"}
[debug] [2025-11-12T02:25:42.126Z] defaultcredentials: writing to file C:\Users\yokou\AppData\Roaming\firebase\yokouchi_cias_gmail.com_application_default_credentials.json
[debug] [2025-11-12T02:25:42.127Z] Checked if tokens are valid: true, expires at: 1762917935682
[debug] [2025-11-12T02:25:42.127Z] Checked if tokens are valid: true, expires at: 1762917935682
[debug] [2025-11-12T02:25:42.128Z] >>> [apiv2][query] GET https://firebasehosting.googleapis.com/v1beta1/projects/oripa-do-d788a/sites pageToken=&pageSize=10
[debug] [2025-11-12T02:25:42.896Z] <<< [apiv2][status] GET https://firebasehosting.googleapis.com/v1beta1/projects/oripa-do-d788a/sites 200
[debug] [2025-11-12T02:25:42.896Z] <<< [apiv2][body] GET https://firebasehosting.googleapis.com/v1beta1/projects/oripa-do-d788a/sites {"sites":[{"name":"projects/oripa-do-d788a/sites/oripa-do-d788a","defaultUrl":"https://oripa-do-d788a.web.app","appId":"1:498465362202:web:efbe6aaa2358dedbdc5ca3","type":"DEFAULT_SITE"}]}
[debug] [2025-11-12T02:25:42.896Z] Checked if tokens are valid: true, expires at: 1762917935682
[debug] [2025-11-12T02:25:42.896Z] Checked if tokens are valid: true, expires at: 1762917935682
[debug] [2025-11-12T02:25:42.896Z] >>> [apiv2][query] GET https://firebase.googleapis.com/v1beta1/projects/-/webApps/1:498465362202:web:efbe6aaa2358dedbdc5ca3/config [none]
[debug] [2025-11-12T02:25:43.590Z] <<< [apiv2][status] GET https://firebase.googleapis.com/v1beta1/projects/-/webApps/1:498465362202:web:efbe6aaa2358dedbdc5ca3/config 200
[debug] [2025-11-12T02:25:43.590Z] <<< [apiv2][body] GET https://firebase.googleapis.com/v1beta1/projects/-/webApps/1:498465362202:web:efbe6aaa2358dedbdc5ca3/config {"projectId":"oripa-do-d788a","appId":"1:498465362202:web:efbe6aaa2358dedbdc5ca3","storageBucket":"oripa-do-d788a.firebasestorage.app","apiKey":"AIzaSyDZzYmOHrZv4BkFVr3NBNIjGC2fAmDJdj8","authDomain":"oripa-do-d788a.firebaseapp.com","messagingSenderId":"498465362202","projectNumber":"498465362202","version":"2"}
[info] 
   Thank you for trying our early preview of Next.js support on Firebase Hosting.
   During the preview, support is best-effort and breaking changes can be expected. Proceed with caution.
   The integration is known to work with Next.js version 12 - 15.0. You may encounter errors.

   Documentation: https://firebase.google.com/docs/hosting/frameworks/nextjs
   File a bug: https://github.com/firebase/firebase-tools/issues/new?template=bug_report.md
   Submit a feature request: https://github.com/firebase/firebase-tools/issues/new?template=feature_request.md

   We'd love to learn from you. Express your interest in helping us shape the future of Firebase Hosting: https://goo.gle/41enW5X

[debug] [2025-11-12T02:25:46.421Z] Checked if tokens are valid: true, expires at: 1762917935682
[debug] [2025-11-12T02:25:46.421Z] Checked if tokens are valid: true, expires at: 1762917935682
[debug] [2025-11-12T02:25:46.421Z] >>> [apiv2][query] GET https://firebasehosting.googleapis.com/v1beta1/projects/oripa-do-d788a/sites/oripa-do-d788a [none]
[debug] [2025-11-12T02:25:46.861Z] <<< [apiv2][status] GET https://firebasehosting.googleapis.com/v1beta1/projects/oripa-do-d788a/sites/oripa-do-d788a 200
[debug] [2025-11-12T02:25:46.862Z] <<< [apiv2][body] GET https://firebasehosting.googleapis.com/v1beta1/projects/oripa-do-d788a/sites/oripa-do-d788a {"name":"projects/oripa-do-d788a/sites/oripa-do-d788a","defaultUrl":"https://oripa-do-d788a.web.app","appId":"1:498465362202:web:efbe6aaa2358dedbdc5ca3","type":"DEFAULT_SITE"}
[info]    ▲ Next.js 15.3.3

[info]    - Environments: .env.production


[info]    Creating an optimized production build ...

[info] uncaughtException [Error: EPERM: operation not permitted, open 'D:\devenv\next-starter\.next\trace'] {
  errno: -4048,
  code: 'EPERM',
  syscall: 'open',
  path: 'D:\\devenv\\next-starter\\.next\\trace'
}

[debug] [2025-11-12T02:25:49.911Z] Error: ENOENT: no such file or directory, open 'D:\devenv\next-starter\.next\server\middleware-manifest.json'
[error] 
[error] Error: An unexpected error has occurred.
